{"/home/sandra/Documents/POCO/Gift-giver/src/components/App.js": {"path":"/home/sandra/Documents/POCO/Gift-giver/src/components/App.js","statementMap":{"0":{"start":{"line":8,"column":4},"end":{"line":8,"column":12}},"1":{"start":{"line":9,"column":4},"end":{"line":11,"column":5}},"2":{"start":{"line":14,"column":13},"end":{"line":20,"column":3}},"3":{"start":{"line":15,"column":22},"end":{"line":15,"column":32}},"4":{"start":{"line":16,"column":16},"end":{"line":16,"column":44}},"5":{"start":{"line":16,"column":36},"end":{"line":16,"column":43}},"6":{"start":{"line":17,"column":19},"end":{"line":17,"column":34}},"7":{"start":{"line":18,"column":4},"end":{"line":18,"column":30}},"8":{"start":{"line":19,"column":4},"end":{"line":19,"column":28}},"9":{"start":{"line":21,"column":15},"end":{"line":24,"column":3}},"10":{"start":{"line":22,"column":18},"end":{"line":22,"column":65}},"11":{"start":{"line":22,"column":50},"end":{"line":22,"column":64}},"12":{"start":{"line":23,"column":4},"end":{"line":23,"column":28}},"13":{"start":{"line":27,"column":4},"end":{"line":45,"column":5}},"14":{"start":{"line":33,"column":14},"end":{"line":39,"column":15}}},"fnMap":{"0":{"name":"(anonymous_0)","decl":{"start":{"line":7,"column":2},"end":{"line":7,"column":3}},"loc":{"start":{"line":7,"column":15},"end":{"line":12,"column":3}},"line":7},"1":{"name":"(anonymous_1)","decl":{"start":{"line":14,"column":13},"end":{"line":14,"column":14}},"loc":{"start":{"line":14,"column":19},"end":{"line":20,"column":3}},"line":14},"2":{"name":"(anonymous_2)","decl":{"start":{"line":16,"column":26},"end":{"line":16,"column":27}},"loc":{"start":{"line":16,"column":36},"end":{"line":16,"column":43}},"line":16},"3":{"name":"(anonymous_3)","decl":{"start":{"line":21,"column":15},"end":{"line":21,"column":16}},"loc":{"start":{"line":21,"column":23},"end":{"line":24,"column":3}},"line":21},"4":{"name":"(anonymous_4)","decl":{"start":{"line":22,"column":42},"end":{"line":22,"column":43}},"loc":{"start":{"line":22,"column":50},"end":{"line":22,"column":64}},"line":22},"5":{"name":"(anonymous_5)","decl":{"start":{"line":26,"column":2},"end":{"line":26,"column":3}},"loc":{"start":{"line":26,"column":10},"end":{"line":46,"column":3}},"line":26},"6":{"name":"(anonymous_6)","decl":{"start":{"line":32,"column":33},"end":{"line":32,"column":34}},"loc":{"start":{"line":32,"column":43},"end":{"line":40,"column":13}},"line":32}},"branchMap":{},"s":{"0":1,"1":1,"2":1,"3":3,"4":3,"5":0,"6":3,"7":3,"8":3,"9":1,"10":1,"11":1,"12":1,"13":8,"14":3},"f":{"0":1,"1":3,"2":0,"3":1,"4":1,"5":8,"6":3},"b":{},"_coverageSchema":"1a1c01bbd47fc00a2c39e90264f33305004495a9","hash":"2a7c1b4daec6e3f8c6009ae946410c74d2bece5d"}
,"/home/sandra/Documents/POCO/Gift-giver/src/helper/index.js": {"path":"/home/sandra/Documents/POCO/Gift-giver/src/helper/index.js","statementMap":{"0":{"start":{"line":1,"column":26},"end":{"line":3,"column":1}},"1":{"start":{"line":2,"column":4},"end":{"line":2,"column":56}}},"fnMap":{"0":{"name":"(anonymous_0)","decl":{"start":{"line":1,"column":26},"end":{"line":1,"column":27}},"loc":{"start":{"line":1,"column":37},"end":{"line":3,"column":1}},"line":1}},"branchMap":{"0":{"loc":{"start":{"line":2,"column":11},"end":{"line":2,"column":56}},"type":"cond-expr","locations":[{"start":{"line":2,"column":32},"end":{"line":2,"column":52}},{"start":{"line":2,"column":55},"end":{"line":2,"column":56}}],"line":2}},"s":{"0":3,"1":5},"f":{"0":5},"b":{"0":[1,4]},"_coverageSchema":"1a1c01bbd47fc00a2c39e90264f33305004495a9","hash":"2eda9c38d9c03917770dd30a177dcad3c82aa122"}
}
