TN:
SF:src/components/App.js
FN:7,(anonymous_0)
FN:14,(anonymous_1)
FN:16,(anonymous_2)
FN:21,(anonymous_3)
FN:22,(anonymous_4)
FN:26,(anonymous_5)
FN:32,(anonymous_6)
FNF:7
FNH:6
FNDA:1,(anonymous_0)
FNDA:3,(anonymous_1)
FNDA:0,(anonymous_2)
FNDA:1,(anonymous_3)
FNDA:1,(anonymous_4)
FNDA:8,(anonymous_5)
FNDA:3,(anonymous_6)
DA:8,1
DA:9,1
DA:14,1
DA:15,3
DA:16,3
DA:17,3
DA:18,3
DA:19,3
DA:21,1
DA:22,1
DA:23,1
DA:27,8
DA:33,3
LF:13
LH:13
BRF:0
BRH:0
end_of_record
TN:
SF:src/helper/index.js
FN:1,(anonymous_0)
FNF:1
FNH:1
FNDA:5,(anonymous_0)
DA:1,3
DA:2,5
LF:2
LH:2
BRDA:2,0,0,1
BRDA:2,0,1,4
BRF:2
BRH:2
end_of_record
